-------------------------------------------------------------------------------
Test set: org.example.SoundexTest
-------------------------------------------------------------------------------
Tests run: 1, Failures: 1, Errors: 0, Skipped: 0, Time elapsed: 0.063 s <<< FAILURE! - in org.example.SoundexTest
soundexRepresentation_threshold_Test  Time elapsed: 0.05 s  <<< FAILURE!
org.opentest4j.AssertionFailedError: expected: <T624> but was: <T060>
	at org.example.SoundexTest.soundexRepresentation_threshold_Test(SoundexTest.java:10)

