<?xml version="1.0" encoding="UTF-8"?>
<testsuite xmlns:xsi="http://www.w3.org/2001/XMLSchema-instance" xsi:noNamespaceSchemaLocation="https://maven.apache.org/surefire/maven-surefire-plugin/xsd/surefire-test-report.xsd" name="org.example.SoundexTest" time="0.063" tests="1" errors="0" skipped="0" failures="1">
  <properties>
[...]
</properties>
  <testcase name="soundexRepresentation_threshold_Test" classname="org.example.SoundexTest" time="0.05">
    <failure message="expected: &lt;T624&gt; but was: &lt;T060&gt;" type="org.opentest4j.AssertionFailedError"><![CDATA[org.opentest4j.AssertionFailedError: expected: <T624> but was: <T060>
	at org.example.SoundexTest.soundexRepresentation_threshold_Test(SoundexTest.java:10)
]]></failure>
  </testcase>
</testsuite>